ticTacToev6/build/outputs/logs/manifest-merger-debug-report.txt
-- Merging decision tree log ---
manifest
ADDED from src/main/AndroidManifest.xml:10:1-32:12
	package
		ADDED from src/main/AndroidManifest.xml:11:4-35
		INJECTED from src/main/AndroidManifest.xml
		INJECTED from src/main/AndroidManifest.xml
	android:versionName
		INJECTED from src/main/AndroidManifest.xml
		INJECTED from src/main/AndroidManifest.xml
	xmlns:android
		ADDED from src/main/AndroidManifest.xml:12:4-62
	android:versionCode
		INJECTED from src/main/AndroidManifest.xml
		INJECTED from src/main/AndroidManifest.xml
application
ADDED from src/main/AndroidManifest.xml:14:4-30:18
	android:label
		ADDED from src/main/AndroidManifest.xml:17:7-39
	android:allowBackup
		ADDED from src/main/AndroidManifest.xml:15:7-33
	android:icon
		ADDED from src/main/AndroidManifest.xml:16:7-41
	android:theme
		ADDED from src/main/AndroidManifest.xml:18:7-38
activity#org.example.tictactoe.TicTacToeActivity
ADDED from src/main/AndroidManifest.xml:19:7-26:18
	android:label
		ADDED from src/main/AndroidManifest.xml:21:10-42
	android:name
		ADDED from src/main/AndroidManifest.xml:20:10-43
intent-filter#android.intent.action.MAIN+android.intent.category.LAUNCHER
ADDED from src/main/AndroidManifest.xml:22:10-25:26
action#android.intent.action.MAIN
ADDED from src/main/AndroidManifest.xml:23:13-64
	android:name
		ADDED from src/main/AndroidManifest.xml:23:21-62
category#android.intent.category.LAUNCHER
ADDED from src/main/AndroidManifest.xml:24:13-72
	android:name
		ADDED from src/main/AndroidManifest.xml:24:23-70
activity#org.example.tictactoe.GameActivity
ADDED from src/main/AndroidManifest.xml:27:7-29:18
	android:name
		ADDED from src/main/AndroidManifest.xml:28:10-59
uses-sdk
INJECTED from src/main/AndroidManifest.xml reason: use-sdk injection requested
	android:targetSdkVersion
		INJECTED from src/main/AndroidManifest.xml
		INJECTED from src/main/AndroidManifest.xml
	android:minSdkVersion
		INJECTED from src/main/AndroidManifest.xml
		INJECTED from src/main/AndroidManifest.xml